[debug] [2025-10-16T16:26:13.238Z] ----------------------------------------------------------------------
[debug] [2025-10-16T16:26:13.252Z] Command:       C:\Program Files\nodejs\node.exe C:\Users\tanis\AppData\Roaming\npm\node_modules\firebase-tools\lib\bin\firebase.js deploy
[debug] [2025-10-16T16:26:13.253Z] CLI Version:   13.11.2
[debug] [2025-10-16T16:26:13.254Z] Platform:      win32
[debug] [2025-10-16T16:26:13.254Z] Node Version:  v20.19.2
[debug] [2025-10-16T16:26:13.254Z] Time:          Thu Oct 16 2025 21:56:13 GMT+0530 (India Standard Time)
[debug] [2025-10-16T16:26:13.254Z] ----------------------------------------------------------------------
[debug] 
[debug] [2025-10-16T16:26:13.281Z] >>> [apiv2][query] GET https://firebase-public.firebaseio.com/cli.json [none]
[debug] [2025-10-16T16:26:13.524Z] > command requires scopes: ["email","openid","https://www.googleapis.com/auth/cloudplatformprojects.readonly","https://www.googleapis.com/auth/firebase","https://www.googleapis.com/auth/cloud-platform"]
[debug] [2025-10-16T16:26:13.524Z] > authorizing via signed-in user (anandtanishqs@gmail.com)
[debug] [2025-10-16T16:26:13.525Z] [iam] checking project my-portfolio-3c541 for permissions ["firebase.projects.get","firebasehosting.sites.update"]
[debug] [2025-10-16T16:26:13.526Z] > refreshing access token with scopes: []
[debug] [2025-10-16T16:26:13.527Z] >>> [apiv2][query] POST https://www.googleapis.com/oauth2/v3/token [none]
[debug] [2025-10-16T16:26:13.527Z] >>> [apiv2][body] POST https://www.googleapis.com/oauth2/v3/token [omitted]
[debug] [2025-10-16T16:26:13.714Z] <<< [apiv2][status] POST https://www.googleapis.com/oauth2/v3/token 400
[debug] [2025-10-16T16:26:13.715Z] <<< [apiv2][body] POST https://www.googleapis.com/oauth2/v3/token [omitted]
[debug] [2025-10-16T16:26:13.715Z] >>> [apiv2][query] POST https://cloudresourcemanager.googleapis.com/v1/projects/my-portfolio-3c541:testIamPermissions [none]
[debug] [2025-10-16T16:26:13.715Z] >>> [apiv2][(partial)header] POST https://cloudresourcemanager.googleapis.com/v1/projects/my-portfolio-3c541:testIamPermissions x-goog-quota-user=projects/my-portfolio-3c541
[debug] [2025-10-16T16:26:13.715Z] >>> [apiv2][body] POST https://cloudresourcemanager.googleapis.com/v1/projects/my-portfolio-3c541:testIamPermissions {"permissions":["firebase.projects.get","firebasehosting.sites.update"]}
[debug] [2025-10-16T16:26:14.183Z] <<< [apiv2][status] GET https://firebase-public.firebaseio.com/cli.json 200
[debug] [2025-10-16T16:26:14.183Z] <<< [apiv2][body] GET https://firebase-public.firebaseio.com/cli.json {"cloudBuildErrorAfter":1594252800000,"cloudBuildWarnAfter":1590019200000,"defaultNode10After":1594252800000,"minVersion":"3.0.5","node8DeploysDisabledAfter":1613390400000,"node8RuntimeDisabledAfter":1615809600000,"node8WarnAfter":1600128000000}
[debug] [2025-10-16T16:26:15.316Z] <<< [apiv2][status] POST https://cloudresourcemanager.googleapis.com/v1/projects/my-portfolio-3c541:testIamPermissions 401
[debug] [2025-10-16T16:26:15.316Z] <<< [apiv2][body] POST https://cloudresourcemanager.googleapis.com/v1/projects/my-portfolio-3c541:testIamPermissions {"error":{"code":401,"message":"Request had invalid authentication credentials. Expected OAuth 2 access token, login cookie or other valid authentication credential. See https://developers.google.com/identity/sign-in/web/devconsole-project.","status":"UNAUTHENTICATED","details":[{"@type":"type.googleapis.com/google.rpc.ErrorInfo","reason":"ACCESS_TOKEN_TYPE_UNSUPPORTED","metadata":{"service":"cloudresourcemanager.googleapis.com","method":"google.cloudresourcemanager.v1.Projects.TestIamPermissions"}}]}}
[debug] [2025-10-16T16:26:15.317Z] [iam] error while checking permissions, command may fail: FirebaseError: HTTP Error: 401, Request had invalid authentication credentials. Expected OAuth 2 access token, login cookie or other valid authentication credential. See https://developers.google.com/identity/sign-in/web/devconsole-project.
[debug] [2025-10-16T16:26:15.318Z] > refreshing access token with scopes: []
[debug] [2025-10-16T16:26:15.318Z] >>> [apiv2][query] POST https://www.googleapis.com/oauth2/v3/token [none]
[debug] [2025-10-16T16:26:15.318Z] >>> [apiv2][body] POST https://www.googleapis.com/oauth2/v3/token [omitted]
[debug] [2025-10-16T16:26:15.960Z] <<< [apiv2][status] POST https://www.googleapis.com/oauth2/v3/token 400
[debug] [2025-10-16T16:26:15.960Z] <<< [apiv2][body] POST https://www.googleapis.com/oauth2/v3/token [omitted]
[debug] [2025-10-16T16:26:15.961Z] >>> [apiv2][query] GET https://firebase.googleapis.com/v1beta1/projects/my-portfolio-3c541 [none]
[debug] [2025-10-16T16:26:16.682Z] <<< [apiv2][status] GET https://firebase.googleapis.com/v1beta1/projects/my-portfolio-3c541 401
[debug] [2025-10-16T16:26:16.682Z] <<< [apiv2][body] GET https://firebase.googleapis.com/v1beta1/projects/my-portfolio-3c541 {"error":{"code":401,"message":"Request had invalid authentication credentials. Expected OAuth 2 access token, login cookie or other valid authentication credential. See https://developers.google.com/identity/sign-in/web/devconsole-project.","status":"UNAUTHENTICATED"}}
[debug] [2025-10-16T16:26:16.682Z] HTTP Error: 401, Request had invalid authentication credentials. Expected OAuth 2 access token, login cookie or other valid authentication credential. See https://developers.google.com/identity/sign-in/web/devconsole-project.
[error] 
[error] Error: Assertion failed: resolving hosting target of a site with no site name or target name. This should have caused an error earlier
